2014/10/07 08:05:46 [error] [php] date(): It is not safe to rely on the system's timezone settings. You are *required* to use the date.timezone setting or the date_default_timezone_set() function. In case you used any of those methods and you are still getting this warning, you most likely misspelled the timezone identifier. We selected the timezone 'UTC' for now, but please set date.timezone to select your timezone. (D:\PortableAPM\www\gw2pins\protected\views\layouts\main.php:51)
Stack trace:
#0 D:\PortableAPM\www\yii-1.1.15\framework\web\CBaseController.php(95): SiteController->renderInternal()
#1 D:\PortableAPM\www\yii-1.1.15\framework\web\widgets\CContentDecorator.php(76): SiteController->renderFile()
#2 D:\PortableAPM\www\yii-1.1.15\framework\web\widgets\CContentDecorator.php(54): CContentDecorator->decorate()
#3 D:\PortableAPM\www\yii-1.1.15\framework\web\widgets\COutputProcessor.php(44): CContentDecorator->processOutput()
#4 D:\PortableAPM\www\yii-1.1.15\framework\web\CBaseController.php(206): CContentDecorator->run()
#5 D:\PortableAPM\www\yii-1.1.15\framework\web\CBaseController.php(300): SiteController->endWidget()
#6 D:\PortableAPM\www\gw2pins\protected\views\layouts\column1.php(6): SiteController->endContent()
#7 D:\PortableAPM\www\yii-1.1.15\framework\web\CBaseController.php(126): require()
#8 D:\PortableAPM\www\yii-1.1.15\framework\web\CBaseController.php(95): SiteController->renderInternal()
#9 D:\PortableAPM\www\yii-1.1.15\framework\web\CController.php(784): SiteController->renderFile()
#10 D:\PortableAPM\www\gw2pins\protected\controllers\SiteController.php(32): SiteController->render()
#11 D:\PortableAPM\www\yii-1.1.15\framework\web\actions\CInlineAction.php(49): SiteController->actionIndex()
#12 D:\PortableAPM\www\yii-1.1.15\framework\web\CController.php(308): CInlineAction->runWithParams()
#13 D:\PortableAPM\www\yii-1.1.15\framework\web\CController.php(286): SiteController->runAction()
#14 D:\PortableAPM\www\yii-1.1.15\framework\web\CController.php(265): SiteController->runActionWithFilters()
#15 D:\PortableAPM\www\yii-1.1.15\framework\web\CWebApplication.php(282): SiteController->run()
#16 D:\PortableAPM\www\yii-1.1.15\framework\web\CWebApplication.php(141): CWebApplication->runController()
#17 D:\PortableAPM\www\yii-1.1.15\framework\base\CApplication.php(180): CWebApplication->processRequest()
#18 D:\PortableAPM\www\gw2pins\index.php(13): CWebApplication->run()
REQUEST_URI=/gw2pins/
in D:\PortableAPM\www\gw2pins\protected\views\layouts\main.php (51)
in D:\PortableAPM\www\gw2pins\protected\views\layouts\column1.php (6)
in D:\PortableAPM\www\gw2pins\protected\controllers\SiteController.php (32)
2014/10/07 16:31:25 [error] [exception.CException] exception 'CException' with message 'Property "TbNavbar.0" is not defined.' in D:\PortableAPM\www\yii-1.1.15\framework\base\CComponent.php:173
Stack trace:
#0 D:\PortableAPM\www\yii-1.1.15\framework\web\CWidgetFactory.php(161): CComponent->__set('0', '<form class="na...')
#1 D:\PortableAPM\www\yii-1.1.15\framework\web\CBaseController.php(146): CWidgetFactory->createWidget(Object(SiteController), 'bootstrap.widge...', Array)
#2 D:\PortableAPM\www\yii-1.1.15\framework\web\CBaseController.php(172): CBaseController->createWidget('bootstrap.widge...', Array)
#3 D:\PortableAPM\www\gw2pins\themes\bootstrap\views\layouts\main.php(34): CBaseController->widget('bootstrap.widge...', Array)
#4 D:\PortableAPM\www\yii-1.1.15\framework\web\CBaseController.php(126): require('D:\PortableAPM\...')
#5 D:\PortableAPM\www\yii-1.1.15\framework\web\CBaseController.php(95): CBaseController->renderInternal('D:\PortableAPM\...', Array, true)
#6 D:\PortableAPM\www\yii-1.1.15\framework\web\widgets\CContentDecorator.php(76): CBaseController->renderFile('D:\PortableAPM\...', Array, true)
#7 D:\PortableAPM\www\yii-1.1.15\framework\web\widgets\CContentDecorator.php(54): CContentDecorator->decorate('<div id="conten...')
#8 D:\PortableAPM\www\yii-1.1.15\framework\web\widgets\COutputProcessor.php(44): CContentDecorator->processOutput('<div id="conten...')
#9 D:\PortableAPM\www\yii-1.1.15\framework\web\CBaseController.php(206): COutputProcessor->run()
#10 D:\PortableAPM\www\yii-1.1.15\framework\web\CBaseController.php(300): CBaseController->endWidget('CContentDecorat...')
#11 D:\PortableAPM\www\gw2pins\protected\views\layouts\column1.php(6): CBaseController->endContent()
#12 D:\PortableAPM\www\yii-1.1.15\framework\web\CBaseController.php(126): require('D:\PortableAPM\...')
#13 D:\PortableAPM\www\yii-1.1.15\framework\web\CBaseController.php(95): CBaseController->renderInternal('D:\PortableAPM\...', Array, true)
#14 D:\PortableAPM\www\yii-1.1.15\framework\web\CController.php(784): CBaseController->renderFile('D:\PortableAPM\...', Array, true)
#15 D:\PortableAPM\www\gw2pins\protected\controllers\SiteController.php(32): CController->render('index')
#16 D:\PortableAPM\www\yii-1.1.15\framework\web\actions\CInlineAction.php(49): SiteController->actionIndex()
#17 D:\PortableAPM\www\yii-1.1.15\framework\web\CController.php(308): CInlineAction->runWithParams(Array)
#18 D:\PortableAPM\www\yii-1.1.15\framework\web\CController.php(286): CController->runAction(Object(CInlineAction))
#19 D:\PortableAPM\www\yii-1.1.15\framework\web\CController.php(265): CController->runActionWithFilters(Object(CInlineAction), Array)
#20 D:\PortableAPM\www\yii-1.1.15\framework\web\CWebApplication.php(282): CController->run('index')
#21 D:\PortableAPM\www\yii-1.1.15\framework\web\CWebApplication.php(141): CWebApplication->runController('site/index')
#22 D:\PortableAPM\www\yii-1.1.15\framework\base\CApplication.php(180): CWebApplication->processRequest()
#23 D:\PortableAPM\www\gw2pins\index.php(14): CApplication->run()
#24 {main}
REQUEST_URI=/gw2pins/index.php?r=site/index
HTTP_REFERER=http://localhost:82/gw2pins/index.php?r=site/page&view=about
---
2014/10/07 17:31:43 [error] [php] Undefined variable: model (D:\PortableAPM\www\gw2pins\themes\bootstrap\views\layouts\column2.php:29)
Stack trace:
#0 D:\PortableAPM\www\yii-1.1.15\framework\web\CController.php(784): SiteController->renderFile()
#1 D:\PortableAPM\www\gw2pins\protected\controllers\SiteController.php(32): SiteController->render()
#2 D:\PortableAPM\www\yii-1.1.15\framework\web\actions\CInlineAction.php(49): SiteController->actionIndex()
#3 D:\PortableAPM\www\yii-1.1.15\framework\web\CController.php(308): CInlineAction->runWithParams()
#4 D:\PortableAPM\www\yii-1.1.15\framework\web\CController.php(286): SiteController->runAction()
#5 D:\PortableAPM\www\yii-1.1.15\framework\web\CController.php(265): SiteController->runActionWithFilters()
#6 D:\PortableAPM\www\yii-1.1.15\framework\web\CWebApplication.php(282): SiteController->run()
#7 D:\PortableAPM\www\yii-1.1.15\framework\web\CWebApplication.php(141): CWebApplication->runController()
#8 D:\PortableAPM\www\yii-1.1.15\framework\base\CApplication.php(180): CWebApplication->processRequest()
#9 D:\PortableAPM\www\gw2pins\index.php(14): CWebApplication->run()
REQUEST_URI=/gw2pins/
in D:\PortableAPM\www\gw2pins\themes\bootstrap\views\layouts\column2.php (29)
in D:\PortableAPM\www\gw2pins\protected\controllers\SiteController.php (32)
in D:\PortableAPM\www\gw2pins\index.php (14)
2014/10/07 17:33:05 [error] [php] Undefined variable: model (D:\PortableAPM\www\gw2pins\themes\bootstrap\views\layouts\column2.php:41)
Stack trace:
#0 D:\PortableAPM\www\yii-1.1.15\framework\web\CController.php(784): SiteController->renderFile()
#1 D:\PortableAPM\www\gw2pins\protected\controllers\SiteController.php(32): SiteController->render()
#2 D:\PortableAPM\www\yii-1.1.15\framework\web\actions\CInlineAction.php(49): SiteController->actionIndex()
#3 D:\PortableAPM\www\yii-1.1.15\framework\web\CController.php(308): CInlineAction->runWithParams()
#4 D:\PortableAPM\www\yii-1.1.15\framework\web\CController.php(286): SiteController->runAction()
#5 D:\PortableAPM\www\yii-1.1.15\framework\web\CController.php(265): SiteController->runActionWithFilters()
#6 D:\PortableAPM\www\yii-1.1.15\framework\web\CWebApplication.php(282): SiteController->run()
#7 D:\PortableAPM\www\yii-1.1.15\framework\web\CWebApplication.php(141): CWebApplication->runController()
#8 D:\PortableAPM\www\yii-1.1.15\framework\base\CApplication.php(180): CWebApplication->processRequest()
#9 D:\PortableAPM\www\gw2pins\index.php(14): CWebApplication->run()
REQUEST_URI=/gw2pins/
in D:\PortableAPM\www\gw2pins\themes\bootstrap\views\layouts\column2.php (41)
in D:\PortableAPM\www\gw2pins\protected\controllers\SiteController.php (32)
in D:\PortableAPM\www\gw2pins\index.php (14)
2014/10/07 17:35:29 [error] [php] Undefined variable: loginForm (D:\PortableAPM\www\gw2pins\themes\bootstrap\views\layouts\column2.php:41)
Stack trace:
#0 D:\PortableAPM\www\yii-1.1.15\framework\web\CController.php(784): SiteController->renderFile()
#1 D:\PortableAPM\www\gw2pins\protected\controllers\SiteController.php(33): SiteController->render()
#2 D:\PortableAPM\www\yii-1.1.15\framework\web\actions\CInlineAction.php(49): SiteController->actionIndex()
#3 D:\PortableAPM\www\yii-1.1.15\framework\web\CController.php(308): CInlineAction->runWithParams()
#4 D:\PortableAPM\www\yii-1.1.15\framework\web\CController.php(286): SiteController->runAction()
#5 D:\PortableAPM\www\yii-1.1.15\framework\web\CController.php(265): SiteController->runActionWithFilters()
#6 D:\PortableAPM\www\yii-1.1.15\framework\web\CWebApplication.php(282): SiteController->run()
#7 D:\PortableAPM\www\yii-1.1.15\framework\web\CWebApplication.php(141): CWebApplication->runController()
#8 D:\PortableAPM\www\yii-1.1.15\framework\base\CApplication.php(180): CWebApplication->processRequest()
#9 D:\PortableAPM\www\gw2pins\index.php(14): CWebApplication->run()
REQUEST_URI=/gw2pins/
in D:\PortableAPM\www\gw2pins\themes\bootstrap\views\layouts\column2.php (41)
in D:\PortableAPM\www\gw2pins\protected\controllers\SiteController.php (33)
in D:\PortableAPM\www\gw2pins\index.php (14)
2014/10/07 17:36:15 [error] [exception.CException] exception 'CException' with message 'Property "SiteController.loginForm" is not defined.' in D:\PortableAPM\www\yii-1.1.15\framework\base\CComponent.php:130
Stack trace:
#0 D:\PortableAPM\www\gw2pins\themes\bootstrap\views\layouts\column2.php(41): CComponent->__get('loginForm')
#1 D:\PortableAPM\www\yii-1.1.15\framework\web\CBaseController.php(126): require('D:\PortableAPM\...')
#2 D:\PortableAPM\www\yii-1.1.15\framework\web\CBaseController.php(95): CBaseController->renderInternal('D:\PortableAPM\...', Array, true)
#3 D:\PortableAPM\www\yii-1.1.15\framework\web\CController.php(784): CBaseController->renderFile('D:\PortableAPM\...', Array, true)
#4 D:\PortableAPM\www\gw2pins\protected\controllers\SiteController.php(33): CController->render('index', Array)
#5 D:\PortableAPM\www\yii-1.1.15\framework\web\actions\CInlineAction.php(49): SiteController->actionIndex()
#6 D:\PortableAPM\www\yii-1.1.15\framework\web\CController.php(308): CInlineAction->runWithParams(Array)
#7 D:\PortableAPM\www\yii-1.1.15\framework\web\CController.php(286): CController->runAction(Object(CInlineAction))
#8 D:\PortableAPM\www\yii-1.1.15\framework\web\CController.php(265): CController->runActionWithFilters(Object(CInlineAction), Array)
#9 D:\PortableAPM\www\yii-1.1.15\framework\web\CWebApplication.php(282): CController->run('')
#10 D:\PortableAPM\www\yii-1.1.15\framework\web\CWebApplication.php(141): CWebApplication->runController('')
#11 D:\PortableAPM\www\yii-1.1.15\framework\base\CApplication.php(180): CWebApplication->processRequest()
#12 D:\PortableAPM\www\gw2pins\index.php(14): CApplication->run()
#13 {main}
REQUEST_URI=/gw2pins/
---
2014/10/07 17:36:41 [error] [php] Undefined variable: model (D:\PortableAPM\www\gw2pins\protected\controllers\SiteController.php:33)
Stack trace:
#0 D:\PortableAPM\www\yii-1.1.15\framework\web\CController.php(286): SiteController->runAction()
#1 D:\PortableAPM\www\yii-1.1.15\framework\web\CController.php(265): SiteController->runActionWithFilters()
#2 D:\PortableAPM\www\yii-1.1.15\framework\web\CWebApplication.php(282): SiteController->run()
#3 D:\PortableAPM\www\yii-1.1.15\framework\web\CWebApplication.php(141): CWebApplication->runController()
#4 D:\PortableAPM\www\yii-1.1.15\framework\base\CApplication.php(180): CWebApplication->processRequest()
#5 D:\PortableAPM\www\gw2pins\index.php(14): CWebApplication->run()
REQUEST_URI=/gw2pins/
in D:\PortableAPM\www\gw2pins\protected\controllers\SiteController.php (33)
in D:\PortableAPM\www\gw2pins\index.php (14)
2014/10/07 17:36:56 [error] [exception.CException] exception 'CException' with message 'Property "SiteController.loginForm" is not defined.' in D:\PortableAPM\www\yii-1.1.15\framework\base\CComponent.php:130
Stack trace:
#0 D:\PortableAPM\www\gw2pins\themes\bootstrap\views\layouts\column2.php(41): CComponent->__get('loginForm')
#1 D:\PortableAPM\www\yii-1.1.15\framework\web\CBaseController.php(126): require('D:\PortableAPM\...')
#2 D:\PortableAPM\www\yii-1.1.15\framework\web\CBaseController.php(95): CBaseController->renderInternal('D:\PortableAPM\...', Array, true)
#3 D:\PortableAPM\www\yii-1.1.15\framework\web\CController.php(784): CBaseController->renderFile('D:\PortableAPM\...', Array, true)
#4 D:\PortableAPM\www\gw2pins\protected\controllers\SiteController.php(33): CController->render('index', Array)
#5 D:\PortableAPM\www\yii-1.1.15\framework\web\actions\CInlineAction.php(49): SiteController->actionIndex()
#6 D:\PortableAPM\www\yii-1.1.15\framework\web\CController.php(308): CInlineAction->runWithParams(Array)
#7 D:\PortableAPM\www\yii-1.1.15\framework\web\CController.php(286): CController->runAction(Object(CInlineAction))
#8 D:\PortableAPM\www\yii-1.1.15\framework\web\CController.php(265): CController->runActionWithFilters(Object(CInlineAction), Array)
#9 D:\PortableAPM\www\yii-1.1.15\framework\web\CWebApplication.php(282): CController->run('')
#10 D:\PortableAPM\www\yii-1.1.15\framework\web\CWebApplication.php(141): CWebApplication->runController('')
#11 D:\PortableAPM\www\yii-1.1.15\framework\base\CApplication.php(180): CWebApplication->processRequest()
#12 D:\PortableAPM\www\gw2pins\index.php(14): CApplication->run()
#13 {main}
REQUEST_URI=/gw2pins/
---
2014/10/07 17:37:29 [error] [php] Undefined variable: loginForm (D:\PortableAPM\www\gw2pins\themes\bootstrap\views\layouts\column2.php:41)
Stack trace:
#0 D:\PortableAPM\www\yii-1.1.15\framework\web\CController.php(784): SiteController->renderFile()
#1 D:\PortableAPM\www\gw2pins\protected\controllers\SiteController.php(33): SiteController->render()
#2 D:\PortableAPM\www\yii-1.1.15\framework\web\actions\CInlineAction.php(49): SiteController->actionIndex()
#3 D:\PortableAPM\www\yii-1.1.15\framework\web\CController.php(308): CInlineAction->runWithParams()
#4 D:\PortableAPM\www\yii-1.1.15\framework\web\CController.php(286): SiteController->runAction()
#5 D:\PortableAPM\www\yii-1.1.15\framework\web\CController.php(265): SiteController->runActionWithFilters()
#6 D:\PortableAPM\www\yii-1.1.15\framework\web\CWebApplication.php(282): SiteController->run()
#7 D:\PortableAPM\www\yii-1.1.15\framework\web\CWebApplication.php(141): CWebApplication->runController()
#8 D:\PortableAPM\www\yii-1.1.15\framework\base\CApplication.php(180): CWebApplication->processRequest()
#9 D:\PortableAPM\www\gw2pins\index.php(14): CWebApplication->run()
REQUEST_URI=/gw2pins/
in D:\PortableAPM\www\gw2pins\themes\bootstrap\views\layouts\column2.php (41)
in D:\PortableAPM\www\gw2pins\protected\controllers\SiteController.php (33)
in D:\PortableAPM\www\gw2pins\index.php (14)
2014/10/07 17:39:00 [error] [php] Undefined variable: loginForm (D:\PortableAPM\www\gw2pins\themes\bootstrap\views\layouts\column2.php:41)
Stack trace:
#0 D:\PortableAPM\www\yii-1.1.15\framework\web\CController.php(784): SiteController->renderFile()
#1 D:\PortableAPM\www\gw2pins\protected\controllers\SiteController.php(34): SiteController->render()
#2 D:\PortableAPM\www\yii-1.1.15\framework\web\actions\CInlineAction.php(49): SiteController->actionIndex()
#3 D:\PortableAPM\www\yii-1.1.15\framework\web\CController.php(308): CInlineAction->runWithParams()
#4 D:\PortableAPM\www\yii-1.1.15\framework\web\CController.php(286): SiteController->runAction()
#5 D:\PortableAPM\www\yii-1.1.15\framework\web\CController.php(265): SiteController->runActionWithFilters()
#6 D:\PortableAPM\www\yii-1.1.15\framework\web\CWebApplication.php(282): SiteController->run()
#7 D:\PortableAPM\www\yii-1.1.15\framework\web\CWebApplication.php(141): CWebApplication->runController()
#8 D:\PortableAPM\www\yii-1.1.15\framework\base\CApplication.php(180): CWebApplication->processRequest()
#9 D:\PortableAPM\www\gw2pins\index.php(14): CWebApplication->run()
REQUEST_URI=/gw2pins/
in D:\PortableAPM\www\gw2pins\themes\bootstrap\views\layouts\column2.php (41)
in D:\PortableAPM\www\gw2pins\protected\controllers\SiteController.php (34)
in D:\PortableAPM\www\gw2pins\index.php (14)
2014/10/07 17:39:01 [error] [php] Undefined variable: loginForm (D:\PortableAPM\www\gw2pins\themes\bootstrap\views\layouts\column2.php:41)
Stack trace:
#0 D:\PortableAPM\www\yii-1.1.15\framework\web\CController.php(784): SiteController->renderFile()
#1 D:\PortableAPM\www\gw2pins\protected\controllers\SiteController.php(34): SiteController->render()
#2 D:\PortableAPM\www\yii-1.1.15\framework\web\actions\CInlineAction.php(49): SiteController->actionIndex()
#3 D:\PortableAPM\www\yii-1.1.15\framework\web\CController.php(308): CInlineAction->runWithParams()
#4 D:\PortableAPM\www\yii-1.1.15\framework\web\CController.php(286): SiteController->runAction()
#5 D:\PortableAPM\www\yii-1.1.15\framework\web\CController.php(265): SiteController->runActionWithFilters()
#6 D:\PortableAPM\www\yii-1.1.15\framework\web\CWebApplication.php(282): SiteController->run()
#7 D:\PortableAPM\www\yii-1.1.15\framework\web\CWebApplication.php(141): CWebApplication->runController()
#8 D:\PortableAPM\www\yii-1.1.15\framework\base\CApplication.php(180): CWebApplication->processRequest()
#9 D:\PortableAPM\www\gw2pins\index.php(14): CWebApplication->run()
REQUEST_URI=/gw2pins/
in D:\PortableAPM\www\gw2pins\themes\bootstrap\views\layouts\column2.php (41)
in D:\PortableAPM\www\gw2pins\protected\controllers\SiteController.php (34)
in D:\PortableAPM\www\gw2pins\index.php (14)
2014/10/07 17:39:02 [error] [php] Undefined variable: loginForm (D:\PortableAPM\www\gw2pins\themes\bootstrap\views\layouts\column2.php:41)
Stack trace:
#0 D:\PortableAPM\www\yii-1.1.15\framework\web\CController.php(784): SiteController->renderFile()
#1 D:\PortableAPM\www\gw2pins\protected\controllers\SiteController.php(34): SiteController->render()
#2 D:\PortableAPM\www\yii-1.1.15\framework\web\actions\CInlineAction.php(49): SiteController->actionIndex()
#3 D:\PortableAPM\www\yii-1.1.15\framework\web\CController.php(308): CInlineAction->runWithParams()
#4 D:\PortableAPM\www\yii-1.1.15\framework\web\CController.php(286): SiteController->runAction()
#5 D:\PortableAPM\www\yii-1.1.15\framework\web\CController.php(265): SiteController->runActionWithFilters()
#6 D:\PortableAPM\www\yii-1.1.15\framework\web\CWebApplication.php(282): SiteController->run()
#7 D:\PortableAPM\www\yii-1.1.15\framework\web\CWebApplication.php(141): CWebApplication->runController()
#8 D:\PortableAPM\www\yii-1.1.15\framework\base\CApplication.php(180): CWebApplication->processRequest()
#9 D:\PortableAPM\www\gw2pins\index.php(14): CWebApplication->run()
REQUEST_URI=/gw2pins/
in D:\PortableAPM\www\gw2pins\themes\bootstrap\views\layouts\column2.php (41)
in D:\PortableAPM\www\gw2pins\protected\controllers\SiteController.php (34)
in D:\PortableAPM\www\gw2pins\index.php (14)
2014/10/07 17:39:02 [error] [php] Undefined variable: loginForm (D:\PortableAPM\www\gw2pins\themes\bootstrap\views\layouts\column2.php:41)
Stack trace:
#0 D:\PortableAPM\www\yii-1.1.15\framework\web\CController.php(784): SiteController->renderFile()
#1 D:\PortableAPM\www\gw2pins\protected\controllers\SiteController.php(34): SiteController->render()
#2 D:\PortableAPM\www\yii-1.1.15\framework\web\actions\CInlineAction.php(49): SiteController->actionIndex()
#3 D:\PortableAPM\www\yii-1.1.15\framework\web\CController.php(308): CInlineAction->runWithParams()
#4 D:\PortableAPM\www\yii-1.1.15\framework\web\CController.php(286): SiteController->runAction()
#5 D:\PortableAPM\www\yii-1.1.15\framework\web\CController.php(265): SiteController->runActionWithFilters()
#6 D:\PortableAPM\www\yii-1.1.15\framework\web\CWebApplication.php(282): SiteController->run()
#7 D:\PortableAPM\www\yii-1.1.15\framework\web\CWebApplication.php(141): CWebApplication->runController()
#8 D:\PortableAPM\www\yii-1.1.15\framework\base\CApplication.php(180): CWebApplication->processRequest()
#9 D:\PortableAPM\www\gw2pins\index.php(14): CWebApplication->run()
REQUEST_URI=/gw2pins/
in D:\PortableAPM\www\gw2pins\themes\bootstrap\views\layouts\column2.php (41)
in D:\PortableAPM\www\gw2pins\protected\controllers\SiteController.php (34)
in D:\PortableAPM\www\gw2pins\index.php (14)
2014/10/07 17:39:02 [error] [php] Undefined variable: loginForm (D:\PortableAPM\www\gw2pins\themes\bootstrap\views\layouts\column2.php:41)
Stack trace:
#0 D:\PortableAPM\www\yii-1.1.15\framework\web\CController.php(784): SiteController->renderFile()
#1 D:\PortableAPM\www\gw2pins\protected\controllers\SiteController.php(34): SiteController->render()
#2 D:\PortableAPM\www\yii-1.1.15\framework\web\actions\CInlineAction.php(49): SiteController->actionIndex()
#3 D:\PortableAPM\www\yii-1.1.15\framework\web\CController.php(308): CInlineAction->runWithParams()
#4 D:\PortableAPM\www\yii-1.1.15\framework\web\CController.php(286): SiteController->runAction()
#5 D:\PortableAPM\www\yii-1.1.15\framework\web\CController.php(265): SiteController->runActionWithFilters()
#6 D:\PortableAPM\www\yii-1.1.15\framework\web\CWebApplication.php(282): SiteController->run()
#7 D:\PortableAPM\www\yii-1.1.15\framework\web\CWebApplication.php(141): CWebApplication->runController()
#8 D:\PortableAPM\www\yii-1.1.15\framework\base\CApplication.php(180): CWebApplication->processRequest()
#9 D:\PortableAPM\www\gw2pins\index.php(14): CWebApplication->run()
REQUEST_URI=/gw2pins/
in D:\PortableAPM\www\gw2pins\themes\bootstrap\views\layouts\column2.php (41)
in D:\PortableAPM\www\gw2pins\protected\controllers\SiteController.php (34)
in D:\PortableAPM\www\gw2pins\index.php (14)
2014/10/07 17:39:15 [error] [php] Undefined variable: loginForm (D:\PortableAPM\www\gw2pins\themes\bootstrap\views\layouts\column2.php:41)
Stack trace:
#0 D:\PortableAPM\www\yii-1.1.15\framework\web\CController.php(784): SiteController->renderFile()
#1 D:\PortableAPM\www\gw2pins\protected\controllers\SiteController.php(34): SiteController->render()
#2 D:\PortableAPM\www\yii-1.1.15\framework\web\actions\CInlineAction.php(49): SiteController->actionIndex()
#3 D:\PortableAPM\www\yii-1.1.15\framework\web\CController.php(308): CInlineAction->runWithParams()
#4 D:\PortableAPM\www\yii-1.1.15\framework\web\CController.php(286): SiteController->runAction()
#5 D:\PortableAPM\www\yii-1.1.15\framework\web\CController.php(265): SiteController->runActionWithFilters()
#6 D:\PortableAPM\www\yii-1.1.15\framework\web\CWebApplication.php(282): SiteController->run()
#7 D:\PortableAPM\www\yii-1.1.15\framework\web\CWebApplication.php(141): CWebApplication->runController()
#8 D:\PortableAPM\www\yii-1.1.15\framework\base\CApplication.php(180): CWebApplication->processRequest()
#9 D:\PortableAPM\www\gw2pins\index.php(14): CWebApplication->run()
REQUEST_URI=/gw2pins/
in D:\PortableAPM\www\gw2pins\themes\bootstrap\views\layouts\column2.php (41)
in D:\PortableAPM\www\gw2pins\protected\controllers\SiteController.php (34)
in D:\PortableAPM\www\gw2pins\index.php (14)
2014/10/07 17:39:57 [error] [php] Undefined variable: loginForm (D:\PortableAPM\www\gw2pins\themes\bootstrap\views\layouts\column2.php:42)
Stack trace:
#0 D:\PortableAPM\www\yii-1.1.15\framework\web\CController.php(784): SiteController->renderFile()
#1 D:\PortableAPM\www\gw2pins\protected\controllers\SiteController.php(32): SiteController->render()
#2 D:\PortableAPM\www\yii-1.1.15\framework\web\actions\CInlineAction.php(49): SiteController->actionIndex()
#3 D:\PortableAPM\www\yii-1.1.15\framework\web\CController.php(308): CInlineAction->runWithParams()
#4 D:\PortableAPM\www\yii-1.1.15\framework\web\CController.php(286): SiteController->runAction()
#5 D:\PortableAPM\www\yii-1.1.15\framework\web\CController.php(265): SiteController->runActionWithFilters()
#6 D:\PortableAPM\www\yii-1.1.15\framework\web\CWebApplication.php(282): SiteController->run()
#7 D:\PortableAPM\www\yii-1.1.15\framework\web\CWebApplication.php(141): CWebApplication->runController()
#8 D:\PortableAPM\www\yii-1.1.15\framework\base\CApplication.php(180): CWebApplication->processRequest()
#9 D:\PortableAPM\www\gw2pins\index.php(14): CWebApplication->run()
REQUEST_URI=/gw2pins/
in D:\PortableAPM\www\gw2pins\themes\bootstrap\views\layouts\column2.php (42)
in D:\PortableAPM\www\gw2pins\protected\controllers\SiteController.php (32)
in D:\PortableAPM\www\gw2pins\index.php (14)
2014/10/07 17:40:26 [error] [exception.CException] exception 'CException' with message 'Property "LoginForm.textField" is not defined.' in D:\PortableAPM\www\yii-1.1.15\framework\base\CComponent.php:130
Stack trace:
#0 D:\PortableAPM\www\yii-1.1.15\framework\web\helpers\CHtml.php(2529): CComponent->__get('textField')
#1 D:\PortableAPM\www\yii-1.1.15\framework\web\helpers\CHtml.php(2252): CHtml::resolveValue(Object(LoginForm), 'textField')
#2 D:\PortableAPM\www\yii-1.1.15\framework\web\helpers\CHtml.php(1434): CHtml::activeInputField('text', Object(LoginForm), 'textField', Array)
#3 D:\PortableAPM\www\yii-1.1.15\framework\web\widgets\CActiveForm.php(725): CHtml::activeTextField(Object(LoginForm), 'textField', Array)
#4 D:\PortableAPM\www\gw2pins\protected\extensions\bootstrap\widgets\input\TbInputVertical.php(142): CActiveForm->textField(Object(LoginForm), 'textField', Array)
#5 D:\PortableAPM\www\gw2pins\protected\extensions\bootstrap\widgets\input\TbInput.php(230): TbInputVertical->textField()
#6 D:\PortableAPM\www\yii-1.1.15\framework\web\CBaseController.php(173): TbInput->run()
#7 D:\PortableAPM\www\gw2pins\protected\extensions\bootstrap\widgets\TbActiveForm.php(497): CBaseController->widget('bootstrap.widge...', Array)
#8 D:\PortableAPM\www\gw2pins\protected\extensions\bootstrap\widgets\TbActiveForm.php(186): TbActiveForm->inputRow('text', Object(LoginForm), 'textField', NULL, Array)
#9 D:\PortableAPM\www\gw2pins\themes\bootstrap\views\layouts\column2.php(42): TbActiveForm->textFieldRow(Object(LoginForm), 'textField', Array)
#10 D:\PortableAPM\www\yii-1.1.15\framework\web\CBaseController.php(126): require('D:\PortableAPM\...')
#11 D:\PortableAPM\www\yii-1.1.15\framework\web\CBaseController.php(95): CBaseController->renderInternal('D:\PortableAPM\...', Array, true)
#12 D:\PortableAPM\www\yii-1.1.15\framework\web\CController.php(784): CBaseController->renderFile('D:\PortableAPM\...', Array, true)
#13 D:\PortableAPM\www\gw2pins\protected\controllers\SiteController.php(32): CController->render('index')
#14 D:\PortableAPM\www\yii-1.1.15\framework\web\actions\CInlineAction.php(49): SiteController->actionIndex()
#15 D:\PortableAPM\www\yii-1.1.15\framework\web\CController.php(308): CInlineAction->runWithParams(Array)
#16 D:\PortableAPM\www\yii-1.1.15\framework\web\CController.php(286): CController->runAction(Object(CInlineAction))
#17 D:\PortableAPM\www\yii-1.1.15\framework\web\CController.php(265): CController->runActionWithFilters(Object(CInlineAction), Array)
#18 D:\PortableAPM\www\yii-1.1.15\framework\web\CWebApplication.php(282): CController->run('')
#19 D:\PortableAPM\www\yii-1.1.15\framework\web\CWebApplication.php(141): CWebApplication->runController('')
#20 D:\PortableAPM\www\yii-1.1.15\framework\base\CApplication.php(180): CWebApplication->processRequest()
#21 D:\PortableAPM\www\gw2pins\index.php(14): CApplication->run()
#22 {main}
REQUEST_URI=/gw2pins/
---
2014/10/08 17:01:18 [error] [php] Undefined variable: loginForm (D:\PortableAPM\www\gw2pins\themes\bootstrap\views\layouts\column2.php:75)
Stack trace:
#0 D:\PortableAPM\www\yii-1.1.15\framework\web\CController.php(784): SiteController->renderFile()
#1 D:\PortableAPM\www\gw2pins\protected\controllers\SiteController.php(32): SiteController->render()
#2 D:\PortableAPM\www\yii-1.1.15\framework\web\actions\CInlineAction.php(49): SiteController->actionIndex()
#3 D:\PortableAPM\www\yii-1.1.15\framework\web\CController.php(308): CInlineAction->runWithParams()
#4 D:\PortableAPM\www\yii-1.1.15\framework\web\CController.php(286): SiteController->runAction()
#5 D:\PortableAPM\www\yii-1.1.15\framework\web\CController.php(265): SiteController->runActionWithFilters()
#6 D:\PortableAPM\www\yii-1.1.15\framework\web\CWebApplication.php(282): SiteController->run()
#7 D:\PortableAPM\www\yii-1.1.15\framework\web\CWebApplication.php(141): CWebApplication->runController()
#8 D:\PortableAPM\www\yii-1.1.15\framework\base\CApplication.php(180): CWebApplication->processRequest()
#9 D:\PortableAPM\www\gw2pins\index.php(14): CWebApplication->run()
REQUEST_URI=/gw2pins/index.php
in D:\PortableAPM\www\gw2pins\themes\bootstrap\views\layouts\column2.php (75)
in D:\PortableAPM\www\gw2pins\protected\controllers\SiteController.php (32)
in D:\PortableAPM\www\gw2pins\index.php (14)
2014/10/08 17:04:05 [error] [php] Undefined variable: loginForm (D:\PortableAPM\www\gw2pins\themes\bootstrap\views\layouts\column2.php:75)
Stack trace:
#0 D:\PortableAPM\www\yii-1.1.15\framework\web\CController.php(784): SiteController->renderFile()
#1 D:\PortableAPM\www\gw2pins\protected\controllers\SiteController.php(34): SiteController->render()
#2 D:\PortableAPM\www\yii-1.1.15\framework\web\actions\CInlineAction.php(49): SiteController->actionIndex()
#3 D:\PortableAPM\www\yii-1.1.15\framework\web\CController.php(308): CInlineAction->runWithParams()
#4 D:\PortableAPM\www\yii-1.1.15\framework\web\CController.php(286): SiteController->runAction()
#5 D:\PortableAPM\www\yii-1.1.15\framework\web\CController.php(265): SiteController->runActionWithFilters()
#6 D:\PortableAPM\www\yii-1.1.15\framework\web\CWebApplication.php(282): SiteController->run()
#7 D:\PortableAPM\www\yii-1.1.15\framework\web\CWebApplication.php(141): CWebApplication->runController()
#8 D:\PortableAPM\www\yii-1.1.15\framework\base\CApplication.php(180): CWebApplication->processRequest()
#9 D:\PortableAPM\www\gw2pins\index.php(14): CWebApplication->run()
REQUEST_URI=/gw2pins/index.php
in D:\PortableAPM\www\gw2pins\themes\bootstrap\views\layouts\column2.php (75)
in D:\PortableAPM\www\gw2pins\protected\controllers\SiteController.php (34)
in D:\PortableAPM\www\gw2pins\index.php (14)
2014/10/08 17:04:35 [error] [exception.CException] exception 'CException' with message 'Property "SiteController.loginForm" is not defined.' in D:\PortableAPM\www\yii-1.1.15\framework\base\CComponent.php:130
Stack trace:
#0 D:\PortableAPM\www\gw2pins\themes\bootstrap\views\layouts\column2.php(75): CComponent->__get('loginForm')
#1 D:\PortableAPM\www\yii-1.1.15\framework\web\CBaseController.php(126): require('D:\PortableAPM\...')
#2 D:\PortableAPM\www\yii-1.1.15\framework\web\CBaseController.php(95): CBaseController->renderInternal('D:\PortableAPM\...', Array, true)
#3 D:\PortableAPM\www\yii-1.1.15\framework\web\CController.php(784): CBaseController->renderFile('D:\PortableAPM\...', Array, true)
#4 D:\PortableAPM\www\gw2pins\protected\controllers\SiteController.php(34): CController->render('index')
#5 D:\PortableAPM\www\yii-1.1.15\framework\web\actions\CInlineAction.php(49): SiteController->actionIndex()
#6 D:\PortableAPM\www\yii-1.1.15\framework\web\CController.php(308): CInlineAction->runWithParams(Array)
#7 D:\PortableAPM\www\yii-1.1.15\framework\web\CController.php(286): CController->runAction(Object(CInlineAction))
#8 D:\PortableAPM\www\yii-1.1.15\framework\web\CController.php(265): CController->runActionWithFilters(Object(CInlineAction), Array)
#9 D:\PortableAPM\www\yii-1.1.15\framework\web\CWebApplication.php(282): CController->run('')
#10 D:\PortableAPM\www\yii-1.1.15\framework\web\CWebApplication.php(141): CWebApplication->runController('')
#11 D:\PortableAPM\www\yii-1.1.15\framework\base\CApplication.php(180): CWebApplication->processRequest()
#12 D:\PortableAPM\www\gw2pins\index.php(14): CApplication->run()
#13 {main}
REQUEST_URI=/gw2pins/index.php
HTTP_REFERER=http://localhost:82/gw2pins/index.php
---
2014/10/08 17:04:50 [error] [php] Undefined variable: loginForm (D:\PortableAPM\www\gw2pins\themes\bootstrap\views\layouts\column2.php:75)
Stack trace:
#0 D:\PortableAPM\www\yii-1.1.15\framework\web\CController.php(784): SiteController->renderFile()
#1 D:\PortableAPM\www\gw2pins\protected\controllers\SiteController.php(34): SiteController->render()
#2 D:\PortableAPM\www\yii-1.1.15\framework\web\actions\CInlineAction.php(49): SiteController->actionIndex()
#3 D:\PortableAPM\www\yii-1.1.15\framework\web\CController.php(308): CInlineAction->runWithParams()
#4 D:\PortableAPM\www\yii-1.1.15\framework\web\CController.php(286): SiteController->runAction()
#5 D:\PortableAPM\www\yii-1.1.15\framework\web\CController.php(265): SiteController->runActionWithFilters()
#6 D:\PortableAPM\www\yii-1.1.15\framework\web\CWebApplication.php(282): SiteController->run()
#7 D:\PortableAPM\www\yii-1.1.15\framework\web\CWebApplication.php(141): CWebApplication->runController()
#8 D:\PortableAPM\www\yii-1.1.15\framework\base\CApplication.php(180): CWebApplication->processRequest()
#9 D:\PortableAPM\www\gw2pins\index.php(14): CWebApplication->run()
REQUEST_URI=/gw2pins/index.php
in D:\PortableAPM\www\gw2pins\themes\bootstrap\views\layouts\column2.php (75)
in D:\PortableAPM\www\gw2pins\protected\controllers\SiteController.php (34)
in D:\PortableAPM\www\gw2pins\index.php (14)
2014/10/08 17:05:04 [error] [exception.CException] exception 'CException' with message 'Property "SiteController.loginForm" is not defined.' in D:\PortableAPM\www\yii-1.1.15\framework\base\CComponent.php:130
Stack trace:
#0 D:\PortableAPM\www\gw2pins\themes\bootstrap\views\layouts\column2.php(75): CComponent->__get('loginForm')
#1 D:\PortableAPM\www\yii-1.1.15\framework\web\CBaseController.php(126): require('D:\PortableAPM\...')
#2 D:\PortableAPM\www\yii-1.1.15\framework\web\CBaseController.php(95): CBaseController->renderInternal('D:\PortableAPM\...', Array, true)
#3 D:\PortableAPM\www\yii-1.1.15\framework\web\CController.php(784): CBaseController->renderFile('D:\PortableAPM\...', Array, true)
#4 D:\PortableAPM\www\gw2pins\protected\controllers\SiteController.php(34): CController->render('index')
#5 D:\PortableAPM\www\yii-1.1.15\framework\web\actions\CInlineAction.php(49): SiteController->actionIndex()
#6 D:\PortableAPM\www\yii-1.1.15\framework\web\CController.php(308): CInlineAction->runWithParams(Array)
#7 D:\PortableAPM\www\yii-1.1.15\framework\web\CController.php(286): CController->runAction(Object(CInlineAction))
#8 D:\PortableAPM\www\yii-1.1.15\framework\web\CController.php(265): CController->runActionWithFilters(Object(CInlineAction), Array)
#9 D:\PortableAPM\www\yii-1.1.15\framework\web\CWebApplication.php(282): CController->run('')
#10 D:\PortableAPM\www\yii-1.1.15\framework\web\CWebApplication.php(141): CWebApplication->runController('')
#11 D:\PortableAPM\www\yii-1.1.15\framework\base\CApplication.php(180): CWebApplication->processRequest()
#12 D:\PortableAPM\www\gw2pins\index.php(14): CApplication->run()
#13 {main}
REQUEST_URI=/gw2pins/index.php
HTTP_REFERER=http://localhost:82/gw2pins/index.php
---
2014/10/08 17:05:28 [error] [php] Undefined variable: loginForm (D:\PortableAPM\www\gw2pins\themes\bootstrap\views\layouts\column2.php:75)
Stack trace:
#0 D:\PortableAPM\www\yii-1.1.15\framework\web\CController.php(784): SiteController->renderFile()
#1 D:\PortableAPM\www\gw2pins\protected\controllers\SiteController.php(34): SiteController->render()
#2 D:\PortableAPM\www\yii-1.1.15\framework\web\actions\CInlineAction.php(49): SiteController->actionIndex()
#3 D:\PortableAPM\www\yii-1.1.15\framework\web\CController.php(308): CInlineAction->runWithParams()
#4 D:\PortableAPM\www\yii-1.1.15\framework\web\CController.php(286): SiteController->runAction()
#5 D:\PortableAPM\www\yii-1.1.15\framework\web\CController.php(265): SiteController->runActionWithFilters()
#6 D:\PortableAPM\www\yii-1.1.15\framework\web\CWebApplication.php(282): SiteController->run()
#7 D:\PortableAPM\www\yii-1.1.15\framework\web\CWebApplication.php(141): CWebApplication->runController()
#8 D:\PortableAPM\www\yii-1.1.15\framework\base\CApplication.php(180): CWebApplication->processRequest()
#9 D:\PortableAPM\www\gw2pins\index.php(14): CWebApplication->run()
REQUEST_URI=/gw2pins/index.php
in D:\PortableAPM\www\gw2pins\themes\bootstrap\views\layouts\column2.php (75)
in D:\PortableAPM\www\gw2pins\protected\controllers\SiteController.php (34)
in D:\PortableAPM\www\gw2pins\index.php (14)
2014/10/08 17:06:44 [error] [php] Undefined variable: loginForm (D:\PortableAPM\www\gw2pins\themes\bootstrap\views\layouts\column2.php:75)
Stack trace:
#0 D:\PortableAPM\www\yii-1.1.15\framework\web\CController.php(784): SiteController->renderFile()
#1 D:\PortableAPM\www\gw2pins\protected\controllers\SiteController.php(34): SiteController->render()
#2 D:\PortableAPM\www\yii-1.1.15\framework\web\actions\CInlineAction.php(49): SiteController->actionIndex()
#3 D:\PortableAPM\www\yii-1.1.15\framework\web\CController.php(308): CInlineAction->runWithParams()
#4 D:\PortableAPM\www\yii-1.1.15\framework\web\CController.php(286): SiteController->runAction()
#5 D:\PortableAPM\www\yii-1.1.15\framework\web\CController.php(265): SiteController->runActionWithFilters()
#6 D:\PortableAPM\www\yii-1.1.15\framework\web\CWebApplication.php(282): SiteController->run()
#7 D:\PortableAPM\www\yii-1.1.15\framework\web\CWebApplication.php(141): CWebApplication->runController()
#8 D:\PortableAPM\www\yii-1.1.15\framework\base\CApplication.php(180): CWebApplication->processRequest()
#9 D:\PortableAPM\www\gw2pins\index.php(14): CWebApplication->run()
REQUEST_URI=/gw2pins/index.php
in D:\PortableAPM\www\gw2pins\themes\bootstrap\views\layouts\column2.php (75)
in D:\PortableAPM\www\gw2pins\protected\controllers\SiteController.php (34)
in D:\PortableAPM\www\gw2pins\index.php (14)
